Determining if the pthread_create exist failed with the following output:
Change Dir: /home/srushti/workarea/uhd/host/examples/CMakeFiles/CMakeTmp

Run Build Command:"/usr/bin/make" "cmTC_8caf7/fast"
/usr/bin/make -f CMakeFiles/cmTC_8caf7.dir/build.make CMakeFiles/cmTC_8caf7.dir/build
make[1]: Entering directory '/home/srushti/workarea/uhd/host/examples/CMakeFiles/CMakeTmp'
Building C object CMakeFiles/cmTC_8caf7.dir/CheckSymbolExists.c.o
/usr/bin/cc    -o CMakeFiles/cmTC_8caf7.dir/CheckSymbolExists.c.o   -c /home/srushti/workarea/uhd/host/examples/CMakeFiles/CMakeTmp/CheckSymbolExists.c
Linking C executable cmTC_8caf7
/usr/bin/cmake -E cmake_link_script CMakeFiles/cmTC_8caf7.dir/link.txt --verbose=1
/usr/bin/cc      CMakeFiles/cmTC_8caf7.dir/CheckSymbolExists.c.o  -o cmTC_8caf7 
CMakeFiles/cmTC_8caf7.dir/CheckSymbolExists.c.o: In function `main':
CheckSymbolExists.c:(.text+0x1b): undefined reference to `pthread_create'
collect2: error: ld returned 1 exit status
CMakeFiles/cmTC_8caf7.dir/build.make:97: recipe for target 'cmTC_8caf7' failed
make[1]: *** [cmTC_8caf7] Error 1
make[1]: Leaving directory '/home/srushti/workarea/uhd/host/examples/CMakeFiles/CMakeTmp'
Makefile:126: recipe for target 'cmTC_8caf7/fast' failed
make: *** [cmTC_8caf7/fast] Error 2

File /home/srushti/workarea/uhd/host/examples/CMakeFiles/CMakeTmp/CheckSymbolExists.c:
/* */
#include <pthread.h>

int main(int argc, char** argv)
{
  (void)argv;
#ifndef pthread_create
  return ((int*)(&pthread_create))[argc];
#else
  (void)argc;
  return 0;
#endif
}

Determining if the function pthread_create exists in the pthreads failed with the following output:
Change Dir: /home/srushti/workarea/uhd/host/examples/CMakeFiles/CMakeTmp

Run Build Command:"/usr/bin/make" "cmTC_ea7b3/fast"
/usr/bin/make -f CMakeFiles/cmTC_ea7b3.dir/build.make CMakeFiles/cmTC_ea7b3.dir/build
make[1]: Entering directory '/home/srushti/workarea/uhd/host/examples/CMakeFiles/CMakeTmp'
Building C object CMakeFiles/cmTC_ea7b3.dir/CheckFunctionExists.c.o
/usr/bin/cc   -DCHECK_FUNCTION_EXISTS=pthread_create   -o CMakeFiles/cmTC_ea7b3.dir/CheckFunctionExists.c.o   -c /usr/share/cmake-3.10/Modules/CheckFunctionExists.c
Linking C executable cmTC_ea7b3
/usr/bin/cmake -E cmake_link_script CMakeFiles/cmTC_ea7b3.dir/link.txt --verbose=1
/usr/bin/cc  -DCHECK_FUNCTION_EXISTS=pthread_create    CMakeFiles/cmTC_ea7b3.dir/CheckFunctionExists.c.o  -o cmTC_ea7b3 -lpthreads 
/usr/bin/ld: cannot find -lpthreads
collect2: error: ld returned 1 exit status
CMakeFiles/cmTC_ea7b3.dir/build.make:97: recipe for target 'cmTC_ea7b3' failed
make[1]: *** [cmTC_ea7b3] Error 1
make[1]: Leaving directory '/home/srushti/workarea/uhd/host/examples/CMakeFiles/CMakeTmp'
Makefile:126: recipe for target 'cmTC_ea7b3/fast' failed
make: *** [cmTC_ea7b3/fast] Error 2


Determining if the include file arm_neon.h exists failed with the following output:
Change Dir: /home/srushti/workarea/uhd/host/examples/CMakeFiles/CMakeTmp

Run Build Command:"/usr/bin/make" "cmTC_9d73d/fast"
/usr/bin/make -f CMakeFiles/cmTC_9d73d.dir/build.make CMakeFiles/cmTC_9d73d.dir/build
make[1]: Entering directory '/home/srushti/workarea/uhd/host/examples/CMakeFiles/CMakeTmp'
Building CXX object CMakeFiles/cmTC_9d73d.dir/CheckIncludeFile.cxx.o
/usr/bin/c++   -I/usr/include/libusb-1.0  -fvisibility=hidden -fvisibility-inlines-hidden    -o CMakeFiles/cmTC_9d73d.dir/CheckIncludeFile.cxx.o -c /home/srushti/workarea/uhd/host/examples/CMakeFiles/CMakeTmp/CheckIncludeFile.cxx
/home/srushti/workarea/uhd/host/examples/CMakeFiles/CMakeTmp/CheckIncludeFile.cxx:1:10: fatal error: arm_neon.h: No such file or directory
 #include <arm_neon.h>
          ^~~~~~~~~~~~
compilation terminated.
CMakeFiles/cmTC_9d73d.dir/build.make:65: recipe for target 'CMakeFiles/cmTC_9d73d.dir/CheckIncludeFile.cxx.o' failed
make[1]: *** [CMakeFiles/cmTC_9d73d.dir/CheckIncludeFile.cxx.o] Error 1
make[1]: Leaving directory '/home/srushti/workarea/uhd/host/examples/CMakeFiles/CMakeTmp'
Makefile:126: recipe for target 'cmTC_9d73d/fast' failed
make: *** [cmTC_9d73d/fast] Error 2


Performing C++ SOURCE FILE Test HAVE_WIN_SETTHREADPRIORITY failed with the following output:
Change Dir: /home/srushti/workarea/uhd/host/examples/CMakeFiles/CMakeTmp

Run Build Command:"/usr/bin/make" "cmTC_764c5/fast"
/usr/bin/make -f CMakeFiles/cmTC_764c5.dir/build.make CMakeFiles/cmTC_764c5.dir/build
make[1]: Entering directory '/home/srushti/workarea/uhd/host/examples/CMakeFiles/CMakeTmp'
Building CXX object CMakeFiles/cmTC_764c5.dir/src.cxx.o
/usr/bin/c++   -I/usr/include/libusb-1.0  -fvisibility=hidden -fvisibility-inlines-hidden -DHAVE_WIN_SETTHREADPRIORITY   -o CMakeFiles/cmTC_764c5.dir/src.cxx.o -c /home/srushti/workarea/uhd/host/examples/CMakeFiles/CMakeTmp/src.cxx
/home/srushti/workarea/uhd/host/examples/CMakeFiles/CMakeTmp/src.cxx:2:14: fatal error: windows.h: No such file or directory
     #include <windows.h>
              ^~~~~~~~~~~
compilation terminated.
CMakeFiles/cmTC_764c5.dir/build.make:65: recipe for target 'CMakeFiles/cmTC_764c5.dir/src.cxx.o' failed
make[1]: *** [CMakeFiles/cmTC_764c5.dir/src.cxx.o] Error 1
make[1]: Leaving directory '/home/srushti/workarea/uhd/host/examples/CMakeFiles/CMakeTmp'
Makefile:126: recipe for target 'cmTC_764c5/fast' failed
make: *** [cmTC_764c5/fast] Error 2

Source file was:

    #include <windows.h>
    int main(){
        SetThreadPriority(GetCurrentThread(), 0);
        SetPriorityClass(GetCurrentProcess(), 0);
        return 0;
    }
    
Performing C++ SOURCE FILE Test HAVE_MACH_ABSOLUTE_TIME failed with the following output:
Change Dir: /home/srushti/workarea/uhd/host/examples/CMakeFiles/CMakeTmp

Run Build Command:"/usr/bin/make" "cmTC_af679/fast"
/usr/bin/make -f CMakeFiles/cmTC_af679.dir/build.make CMakeFiles/cmTC_af679.dir/build
make[1]: Entering directory '/home/srushti/workarea/uhd/host/examples/CMakeFiles/CMakeTmp'
Building CXX object CMakeFiles/cmTC_af679.dir/src.cxx.o
/usr/bin/c++   -I/usr/include/libusb-1.0  -fvisibility=hidden -fvisibility-inlines-hidden -DHAVE_MACH_ABSOLUTE_TIME   -o CMakeFiles/cmTC_af679.dir/src.cxx.o -c /home/srushti/workarea/uhd/host/examples/CMakeFiles/CMakeTmp/src.cxx
/home/srushti/workarea/uhd/host/examples/CMakeFiles/CMakeTmp/src.cxx:2:14: fatal error: mach/mach_time.h: No such file or directory
     #include <mach/mach_time.h>
              ^~~~~~~~~~~~~~~~~~
compilation terminated.
CMakeFiles/cmTC_af679.dir/build.make:65: recipe for target 'CMakeFiles/cmTC_af679.dir/src.cxx.o' failed
make[1]: *** [CMakeFiles/cmTC_af679.dir/src.cxx.o] Error 1
make[1]: Leaving directory '/home/srushti/workarea/uhd/host/examples/CMakeFiles/CMakeTmp'
Makefile:126: recipe for target 'cmTC_af679/fast' failed
make: *** [cmTC_af679/fast] Error 2

Source file was:

    #include <mach/mach_time.h>
    int main(){
        mach_timebase_info_data_t info;
        mach_timebase_info(&info);
        mach_absolute_time();
        return 0;
    }
    
Performing C++ SOURCE FILE Test HAVE_QUERY_PERFORMANCE_COUNTER failed with the following output:
Change Dir: /home/srushti/workarea/uhd/host/examples/CMakeFiles/CMakeTmp

Run Build Command:"/usr/bin/make" "cmTC_686fe/fast"
/usr/bin/make -f CMakeFiles/cmTC_686fe.dir/build.make CMakeFiles/cmTC_686fe.dir/build
make[1]: Entering directory '/home/srushti/workarea/uhd/host/examples/CMakeFiles/CMakeTmp'
Building CXX object CMakeFiles/cmTC_686fe.dir/src.cxx.o
/usr/bin/c++   -I/usr/include/libusb-1.0  -fvisibility=hidden -fvisibility-inlines-hidden -DHAVE_QUERY_PERFORMANCE_COUNTER   -o CMakeFiles/cmTC_686fe.dir/src.cxx.o -c /home/srushti/workarea/uhd/host/examples/CMakeFiles/CMakeTmp/src.cxx
/home/srushti/workarea/uhd/host/examples/CMakeFiles/CMakeTmp/src.cxx:2:14: fatal error: Windows.h: No such file or directory
     #include <Windows.h>
              ^~~~~~~~~~~
compilation terminated.
CMakeFiles/cmTC_686fe.dir/build.make:65: recipe for target 'CMakeFiles/cmTC_686fe.dir/src.cxx.o' failed
make[1]: *** [CMakeFiles/cmTC_686fe.dir/src.cxx.o] Error 1
make[1]: Leaving directory '/home/srushti/workarea/uhd/host/examples/CMakeFiles/CMakeTmp'
Makefile:126: recipe for target 'cmTC_686fe/fast' failed
make: *** [cmTC_686fe/fast] Error 2

Source file was:

    #include <Windows.h>
    int main(){
        LARGE_INTEGER value;
        QueryPerformanceCounter(&value);
        QueryPerformanceFrequency(&value);
        return 0;
    }
    
Performing C++ SOURCE FILE Test HAVE_LOAD_LIBRARY failed with the following output:
Change Dir: /home/srushti/workarea/uhd/host/examples/CMakeFiles/CMakeTmp

Run Build Command:"/usr/bin/make" "cmTC_c4da2/fast"
/usr/bin/make -f CMakeFiles/cmTC_c4da2.dir/build.make CMakeFiles/cmTC_c4da2.dir/build
make[1]: Entering directory '/home/srushti/workarea/uhd/host/examples/CMakeFiles/CMakeTmp'
Building CXX object CMakeFiles/cmTC_c4da2.dir/src.cxx.o
/usr/bin/c++   -I/usr/include/libusb-1.0  -fvisibility=hidden -fvisibility-inlines-hidden -DHAVE_LOAD_LIBRARY   -o CMakeFiles/cmTC_c4da2.dir/src.cxx.o -c /home/srushti/workarea/uhd/host/examples/CMakeFiles/CMakeTmp/src.cxx
/home/srushti/workarea/uhd/host/examples/CMakeFiles/CMakeTmp/src.cxx:3:14: fatal error: windows.h: No such file or directory
     #include <windows.h>
              ^~~~~~~~~~~
compilation terminated.
CMakeFiles/cmTC_c4da2.dir/build.make:65: recipe for target 'CMakeFiles/cmTC_c4da2.dir/src.cxx.o' failed
make[1]: *** [CMakeFiles/cmTC_c4da2.dir/src.cxx.o] Error 1
make[1]: Leaving directory '/home/srushti/workarea/uhd/host/examples/CMakeFiles/CMakeTmp'
Makefile:126: recipe for target 'cmTC_c4da2/fast' failed
make: *** [cmTC_c4da2/fast] Error 2

Source file was:

    #define WIN32_LEAN_AND_MEAN
    #include <windows.h>
    int main(){
        LoadLibrary(0);
        return 0;
    }
    
Determining if the include file winsock2.h exists failed with the following output:
Change Dir: /home/srushti/workarea/uhd/host/examples/CMakeFiles/CMakeTmp

Run Build Command:"/usr/bin/make" "cmTC_200d1/fast"
/usr/bin/make -f CMakeFiles/cmTC_200d1.dir/build.make CMakeFiles/cmTC_200d1.dir/build
make[1]: Entering directory '/home/srushti/workarea/uhd/host/examples/CMakeFiles/CMakeTmp'
Building CXX object CMakeFiles/cmTC_200d1.dir/CheckIncludeFile.cxx.o
/usr/bin/c++   -I/usr/include/libusb-1.0  -fvisibility=hidden -fvisibility-inlines-hidden    -o CMakeFiles/cmTC_200d1.dir/CheckIncludeFile.cxx.o -c /home/srushti/workarea/uhd/host/examples/CMakeFiles/CMakeTmp/CheckIncludeFile.cxx
/home/srushti/workarea/uhd/host/examples/CMakeFiles/CMakeTmp/CheckIncludeFile.cxx:1:10: fatal error: winsock2.h: No such file or directory
 #include <winsock2.h>
          ^~~~~~~~~~~~
compilation terminated.
CMakeFiles/cmTC_200d1.dir/build.make:65: recipe for target 'CMakeFiles/cmTC_200d1.dir/CheckIncludeFile.cxx.o' failed
make[1]: *** [CMakeFiles/cmTC_200d1.dir/CheckIncludeFile.cxx.o] Error 1
make[1]: Leaving directory '/home/srushti/workarea/uhd/host/examples/CMakeFiles/CMakeTmp'
Makefile:126: recipe for target 'cmTC_200d1/fast' failed
make: *** [cmTC_200d1/fast] Error 2


Determining if the include file atlbase.h exists failed with the following output:
Change Dir: /home/srushti/workarea/uhd/host/examples/CMakeFiles/CMakeTmp

Run Build Command:"/usr/bin/make" "cmTC_52e48/fast"
/usr/bin/make -f CMakeFiles/cmTC_52e48.dir/build.make CMakeFiles/cmTC_52e48.dir/build
make[1]: Entering directory '/home/srushti/workarea/uhd/host/examples/CMakeFiles/CMakeTmp'
Building CXX object CMakeFiles/cmTC_52e48.dir/CheckIncludeFile.cxx.o
/usr/bin/c++   -I/usr/include/libusb-1.0  -fvisibility=hidden -fvisibility-inlines-hidden    -o CMakeFiles/cmTC_52e48.dir/CheckIncludeFile.cxx.o -c /home/srushti/workarea/uhd/host/examples/CMakeFiles/CMakeTmp/CheckIncludeFile.cxx
/home/srushti/workarea/uhd/host/examples/CMakeFiles/CMakeTmp/CheckIncludeFile.cxx:1:10: fatal error: atlbase.h: No such file or directory
 #include <atlbase.h>
          ^~~~~~~~~~~
compilation terminated.
CMakeFiles/cmTC_52e48.dir/build.make:65: recipe for target 'CMakeFiles/cmTC_52e48.dir/CheckIncludeFile.cxx.o' failed
make[1]: *** [CMakeFiles/cmTC_52e48.dir/CheckIncludeFile.cxx.o] Error 1
make[1]: Leaving directory '/home/srushti/workarea/uhd/host/examples/CMakeFiles/CMakeTmp'
Makefile:126: recipe for target 'cmTC_52e48/fast' failed
make: *** [cmTC_52e48/fast] Error 2


